2025-06-18 15:11:00 | WARN | repo=course-sys-int-systems-exam | action=test | passed=true
2025-10-24 18:29:00 | DEBUG | repo=course-sys-int-systems-exam | action=commit
2025-05-17 08:24:00 | DEBUG | repo=course-sys-int-systems-exam | action=commit
2025-01-21 07:53:00 | INFO | repo=course-sys-int-systems-exam | action=pull
2025-09-20 08:15:00 | INFO | repo=course-sys-int-systems-exam | action=commit
2025-07-21 15:50:00 | DEBUG | repo=course-sys-int-systems-exam | action=test | passed=true
2025-06-25 12:44:00 | INFO | repo=course-sys-int-systems-exam | action=commit
2025-08-11 19:04:00 | INFO | repo=course-sys-int-systems-exam | action=test | passed=true
2025-11-17 08:08:00 | DEBUG | repo=course-sys-int-systems-exam | action=commit
2025-12-15 20:43:00 | WARN | repo=course-sys-int-systems-exam | action=commit
2025-10-04 15:52:00 | DEBUG | repo=course-sys-int-systems-exam | action=commit
2025-07-16 21:49:00 | INFO | repo=course-sys-int-systems-exam | action=commit
2025-03-11 14:11:00 | DEBUG | repo=course-sys-int-systems-exam | action=edit | files=5
2025-02-01 17:15:00 | WARN | repo=course-sys-int-systems-exam | action=commit
2025-06-09 19:46:00 | DEBUG | repo=course-sys-int-systems-exam | action=commit
2025-01-08 14:04:00 | WARN | repo=course-sys-int-systems-exam | action=commit
2025-08-04 20:50:00 | WARN | repo=course-sys-int-systems-exam | action=edit | files=2
2025-05-20 08:01:00 | WARN | repo=course-sys-int-systems-exam | action=commit
2025-10-05 08:42:00 | WARN | repo=course-sys-int-systems-exam | action=pull
2025-01-15 10:16:00 | DEBUG | repo=course-sys-int-systems-exam | action=commit
2025-05-27 18:14:00 | WARN | repo=course-sys-int-systems-exam | action=edit | files=5
2025-09-13 17:45:00 | INFO | repo=course-sys-int-systems-exam | action=test | passed=true
2025-09-27 07:48:00 | INFO | repo=course-sys-int-systems-exam | action=commit
2025-11-20 07:10:00 | DEBUG | repo=course-sys-int-systems-exam | action=test | passed=true
2025-02-06 21:37:00 | DEBUG | repo=course-sys-int-systems-exam | action=commit
